app/build/intermediates/manifest_merge_blame_file/debug/manifest-merger-blame-debug-report.txt
1<?xml version="1.0" encoding="utf-8"?>
2<manifest xmlns:android="http://schemas.android.com/apk/res/android"
3    package="ragalik.baraxolka"
4    android:versionCode="1"
5    android:versionName="0.0.1" >
6
7    <uses-sdk
8        android:minSdkVersion="21"
8-->src\main\AndroidManifest.xml
9        android:targetSdkVersion="29" />
9-->src\main\AndroidManifest.xml
10
11    <uses-permission android:name="android.permission.ACCESS_NETWORK_STATE" />
11-->src\main\AndroidManifest.xml:6:5-79
11-->src\main\AndroidManifest.xml:6:22-76
12    <uses-permission android:name="android.permission.INTERNET" />
12-->src\main\AndroidManifest.xml:7:5-67
12-->src\main\AndroidManifest.xml:7:22-64
13    <uses-permission android:name="android.permission.WRITE_EXTERNAL_STORAGE" />
13-->src\main\AndroidManifest.xml:8:5-80
13-->src\main\AndroidManifest.xml:8:22-78
14
15    <supports-screens
15-->src\main\AndroidManifest.xml:10:5-14:40
16        android:largeScreens="true"
16-->src\main\AndroidManifest.xml:11:9-36
17        android:normalScreens="true"
17-->src\main\AndroidManifest.xml:12:9-37
18        android:smallScreens="true"
18-->src\main\AndroidManifest.xml:13:9-36
19        android:xlargeScreens="true" />
19-->src\main\AndroidManifest.xml:14:9-37
20
21    <application
21-->src\main\AndroidManifest.xml:16:5-119:19
22        android:allowBackup="true"
22-->src\main\AndroidManifest.xml:17:9-35
23        android:appComponentFactory="androidx.core.app.CoreComponentFactory"
23-->[androidx.core:core:1.2.0] AndroidManifest.xml:24:18-86
24        android:debuggable="true"
25        android:icon="@mipmap/ic_launcher"
25-->src\main\AndroidManifest.xml:18:9-43
26        android:label="@string/app_name"
26-->src\main\AndroidManifest.xml:19:9-41
27        android:largeHeap="true"
27-->src\main\AndroidManifest.xml:20:9-33
28        android:roundIcon="@mipmap/ic_launcher_round"
28-->src\main\AndroidManifest.xml:21:9-54
29        android:supportsRtl="true"
29-->src\main\AndroidManifest.xml:22:9-35
30        android:usesCleartextTraffic="true" >
30-->src\main\AndroidManifest.xml:23:9-44
31        <activity
31-->src\main\AndroidManifest.xml:25:9-34:20
32            android:name="ragalik.baraxolka.paging_feed.search.SearchActivity"
32-->src\main\AndroidManifest.xml:26:13-62
33            android:label="@string/title_activity_search"
33-->src\main\AndroidManifest.xml:27:13-58
34            android:parentActivityName="ragalik.baraxolka.MainActivity"
34-->src\main\AndroidManifest.xml:28:13-55
35            android:screenOrientation="portrait"
35-->src\main\AndroidManifest.xml:30:13-49
36            android:theme="@style/AppTheme" >
36-->src\main\AndroidManifest.xml:29:13-44
37            <meta-data
37-->src\main\AndroidManifest.xml:31:13-33:49
38                android:name="android.support.PARENT_ACTIVITY"
38-->src\main\AndroidManifest.xml:32:17-63
39                android:value=".MainActivity" />
39-->src\main\AndroidManifest.xml:33:17-46
40        </activity>
41        <activity
41-->src\main\AndroidManifest.xml:35:9-44:20
42            android:name="ragalik.baraxolka.other_logic.ad_creator.AdCreator"
42-->src\main\AndroidManifest.xml:36:13-61
43            android:label="@string/title_activity_settings"
43-->src\main\AndroidManifest.xml:37:13-60
44            android:parentActivityName="ragalik.baraxolka.MainActivity"
44-->src\main\AndroidManifest.xml:38:13-55
45            android:screenOrientation="portrait"
45-->src\main\AndroidManifest.xml:40:13-49
46            android:theme="@style/AppTheme" >
46-->src\main\AndroidManifest.xml:39:13-44
47            <meta-data
47-->src\main\AndroidManifest.xml:31:13-33:49
48                android:name="android.support.PARENT_ACTIVITY"
48-->src\main\AndroidManifest.xml:32:17-63
49                android:value=".MainActivity" />
49-->src\main\AndroidManifest.xml:33:17-46
50        </activity>
51        <activity
51-->src\main\AndroidManifest.xml:45:9-54:20
52            android:name="ragalik.baraxolka.other_logic.activities.SettingsActivity"
52-->src\main\AndroidManifest.xml:46:13-68
53            android:label="@string/title_activity_settings"
53-->src\main\AndroidManifest.xml:47:13-60
54            android:parentActivityName="ragalik.baraxolka.MainActivity"
54-->src\main\AndroidManifest.xml:48:13-55
55            android:screenOrientation="portrait"
55-->src\main\AndroidManifest.xml:50:13-49
56            android:theme="@style/AppTheme" >
56-->src\main\AndroidManifest.xml:49:13-44
57            <meta-data
57-->src\main\AndroidManifest.xml:31:13-33:49
58                android:name="android.support.PARENT_ACTIVITY"
58-->src\main\AndroidManifest.xml:32:17-63
59                android:value=".MainActivity" />
59-->src\main\AndroidManifest.xml:33:17-46
60        </activity>
61        <activity
61-->src\main\AndroidManifest.xml:55:9-64:20
62            android:name="ragalik.baraxolka.paging_feed.seller.SellerProfileActivity"
62-->src\main\AndroidManifest.xml:56:13-69
63            android:label="@string/title_activity_seller_profile"
63-->src\main\AndroidManifest.xml:57:13-66
64            android:parentActivityName="ragalik.baraxolka.other_logic.full_ad.FullAdActivity"
64-->src\main\AndroidManifest.xml:58:13-77
65            android:screenOrientation="portrait"
65-->src\main\AndroidManifest.xml:60:13-49
66            android:theme="@style/AppTheme" >
66-->src\main\AndroidManifest.xml:59:13-44
67            <meta-data
67-->src\main\AndroidManifest.xml:31:13-33:49
68                android:name="android.support.PARENT_ACTIVITY"
68-->src\main\AndroidManifest.xml:32:17-63
69                android:value=".other_logic.full_ad.FullAdActivity" />
69-->src\main\AndroidManifest.xml:33:17-46
70        </activity>
71        <activity
71-->src\main\AndroidManifest.xml:65:9-75:20
72            android:name="ragalik.baraxolka.other_logic.full_ad.FullAdActivity"
72-->src\main\AndroidManifest.xml:66:13-63
73            android:label="@string/title_activity_full_ad"
73-->src\main\AndroidManifest.xml:67:13-59
74            android:launchMode="singleTop"
74-->src\main\AndroidManifest.xml:68:13-43
75            android:parentActivityName="ragalik.baraxolka.MainActivity"
75-->src\main\AndroidManifest.xml:69:13-55
76            android:screenOrientation="portrait"
76-->src\main\AndroidManifest.xml:71:13-49
77            android:theme="@style/AppTheme" >
77-->src\main\AndroidManifest.xml:70:13-44
78            <meta-data
78-->src\main\AndroidManifest.xml:31:13-33:49
79                android:name="android.support.PARENT_ACTIVITY"
79-->src\main\AndroidManifest.xml:32:17-63
80                android:value=".MainActivity" />
80-->src\main\AndroidManifest.xml:33:17-46
81        </activity>
82        <activity
82-->src\main\AndroidManifest.xml:76:9-84:20
83            android:name="ragalik.baraxolka.other_logic.account.Account"
83-->src\main\AndroidManifest.xml:77:13-56
84            android:parentActivityName="ragalik.baraxolka.MainActivity"
84-->src\main\AndroidManifest.xml:78:13-55
85            android:screenOrientation="portrait"
85-->src\main\AndroidManifest.xml:80:13-49
86            android:theme="@style/AppTheme" >
86-->src\main\AndroidManifest.xml:79:13-44
87            <meta-data
87-->src\main\AndroidManifest.xml:31:13-33:49
88                android:name="android.support.PARENT_ACTIVITY"
88-->src\main\AndroidManifest.xml:32:17-63
89                android:value=".MainActivity" />
89-->src\main\AndroidManifest.xml:33:17-46
90        </activity>
91        <activity
91-->src\main\AndroidManifest.xml:85:9-94:20
92            android:name="ragalik.baraxolka.other_logic.activities.SplashScreenActivity"
92-->src\main\AndroidManifest.xml:86:13-72
93            android:screenOrientation="portrait"
93-->src\main\AndroidManifest.xml:88:13-49
94            android:theme="@style/AppTheme" >
94-->src\main\AndroidManifest.xml:87:13-44
95            <intent-filter>
95-->src\main\AndroidManifest.xml:89:13-93:29
96                <action android:name="android.intent.action.MAIN" />
96-->src\main\AndroidManifest.xml:90:17-69
96-->src\main\AndroidManifest.xml:90:25-66
97
98                <category android:name="android.intent.category.LAUNCHER" />
98-->src\main\AndroidManifest.xml:92:17-77
98-->src\main\AndroidManifest.xml:92:27-74
99            </intent-filter>
100        </activity>
101        <activity
101-->src\main\AndroidManifest.xml:95:9-100:51
102            android:name="ragalik.baraxolka.MainActivity"
102-->src\main\AndroidManifest.xml:96:13-41
103            android:label="@string/app_name"
103-->src\main\AndroidManifest.xml:97:13-45
104            android:launchMode="singleTop"
104-->src\main\AndroidManifest.xml:98:13-43
105            android:screenOrientation="portrait"
105-->src\main\AndroidManifest.xml:100:13-49
106            android:theme="@style/AppTheme" />
106-->src\main\AndroidManifest.xml:99:13-44
107
108        <meta-data
108-->src\main\AndroidManifest.xml:102:9-104:57
109            android:name="preloaded_fonts"
109-->src\main\AndroidManifest.xml:103:13-43
110            android:resource="@array/preloaded_fonts" />
110-->src\main\AndroidManifest.xml:104:13-54
111
112        <uses-library
112-->src\main\AndroidManifest.xml:106:9-108:40
113            android:name="org.apache.http.legacy"
113-->src\main\AndroidManifest.xml:107:13-50
114            android:required="false" />
114-->src\main\AndroidManifest.xml:108:13-37
115
116        <provider
117            android:name="androidx.core.content.FileProvider"
117-->src\main\AndroidManifest.xml:111:13-62
118            android:authorities="ragalik.baraxolka.provider"
118-->src\main\AndroidManifest.xml:112:13-60
119            android:exported="false"
119-->src\main\AndroidManifest.xml:113:13-37
120            android:grantUriPermissions="true" >
120-->src\main\AndroidManifest.xml:114:13-47
121            <meta-data
121-->src\main\AndroidManifest.xml:115:13-117:57
122                android:name="android.support.FILE_PROVIDER_PATHS"
122-->src\main\AndroidManifest.xml:116:17-67
123                android:resource="@xml/provider_paths" />
123-->src\main\AndroidManifest.xml:117:17-55
124        </provider>
125        <provider
125-->[com.squareup.picasso:picasso:2.71828] AndroidManifest.xml:8:9-11:40
126            android:name="com.squareup.picasso.PicassoProvider"
126-->[com.squareup.picasso:picasso:2.71828] AndroidManifest.xml:9:13-64
127            android:authorities="ragalik.baraxolka.com.squareup.picasso"
127-->[com.squareup.picasso:picasso:2.71828] AndroidManifest.xml:10:13-72
128            android:exported="false" />
128-->[com.squareup.picasso:picasso:2.71828] AndroidManifest.xml:11:13-37
129        <provider
129-->[androidx.lifecycle:lifecycle-process:2.2.0] AndroidManifest.xml:25:9-29:43
130            android:name="androidx.lifecycle.ProcessLifecycleOwnerInitializer"
130-->[androidx.lifecycle:lifecycle-process:2.2.0] AndroidManifest.xml:26:13-79
131            android:authorities="ragalik.baraxolka.lifecycle-process"
131-->[androidx.lifecycle:lifecycle-process:2.2.0] AndroidManifest.xml:27:13-69
132            android:exported="false"
132-->[androidx.lifecycle:lifecycle-process:2.2.0] AndroidManifest.xml:28:13-37
133            android:multiprocess="true" />
133-->[androidx.lifecycle:lifecycle-process:2.2.0] AndroidManifest.xml:29:13-40
134    </application>
135
136</manifest>